<?xml version="1.0" encoding="UTF-8"?>
<!-- Generated by org.testng.reporters.JUnitXMLReporter -->
<testsuite ignored="0" hostname="DESKTOP-U83A2A2" failures="0" tests="7" name="Default test" time="107.672" errors="0" timestamp="15 Nov 2023 17:12:41 GMT">
  <testcase classname="TaskLists.test_after_search_first_page" name="totalSearchResultForFirstpage" time="5.606"/>
  <testcase classname="TaskLists.test_after_search_first_page" name="totalSearchResults_LowToHigh" time="5.729"/>
  <testcase classname="TaskLists.test_after_search_first_page" name="totalSearchResults_HighToLow" time="10.201"/>
  <testcase classname="TaskLists.test_after_search_first_page" name="totalSearchResults_BestMatch" time="5.702"/>
  <testcase classname="TaskLists.test_after_search_first_page" name="typesOfPromotionAndServices" time="5.856"/>
  <testcase classname="TaskLists.test_after_search_first_page" name="typesOfWarranty" time="10.122"/>
  <testcase classname="TaskLists.test_after_search_first_page" name="typesOfLocation" time="5.93"/>
</testsuite> <!-- Default test -->
